[0.011s] Invoking command in '/home/mickyas/ros2_ws/build/urdf_and_meshes_of_the_robot': CONDA_PROMPT_MODIFIER=(base) /usr/bin/cmake /home/mickyas/ros2_ws/src/urdf_and_meshes_of_the_robot -DAMENT_CMAKE_SYMLINK_INSTALL=1 -DCMAKE_INSTALL_PREFIX=/home/mickyas/ros2_ws/install/urdf_and_meshes_of_the_robot
[0.024s] -- Found ament_cmake: 1.3.11 (/opt/ros/humble/share/ament_cmake/cmake)
[0.154s] -- Override CMake install command with custom implementation using symlinks instead of copying resources
[0.255s] -- Configuring done
[0.258s] -- Generating done
[0.259s] -- Build files have been written to: /home/mickyas/ros2_ws/build/urdf_and_meshes_of_the_robot
[0.263s] Invoked command in '/home/mickyas/ros2_ws/build/urdf_and_meshes_of_the_robot' returned '0': CONDA_PROMPT_MODIFIER=(base) /usr/bin/cmake /home/mickyas/ros2_ws/src/urdf_and_meshes_of_the_robot -DAMENT_CMAKE_SYMLINK_INSTALL=1 -DCMAKE_INSTALL_PREFIX=/home/mickyas/ros2_ws/install/urdf_and_meshes_of_the_robot
[0.266s] Invoking command in '/home/mickyas/ros2_ws/build/urdf_and_meshes_of_the_robot': CONDA_PROMPT_MODIFIER=(base) /usr/bin/cmake --build /home/mickyas/ros2_ws/build/urdf_and_meshes_of_the_robot -- -j16 -l16
[0.311s] Invoked command in '/home/mickyas/ros2_ws/build/urdf_and_meshes_of_the_robot' returned '0': CONDA_PROMPT_MODIFIER=(base) /usr/bin/cmake --build /home/mickyas/ros2_ws/build/urdf_and_meshes_of_the_robot -- -j16 -l16
[0.323s] Invoking command in '/home/mickyas/ros2_ws/build/urdf_and_meshes_of_the_robot': CONDA_PROMPT_MODIFIER=(base) /usr/bin/cmake --install /home/mickyas/ros2_ws/build/urdf_and_meshes_of_the_robot
[0.330s] -- Install configuration: ""
[0.331s] -- Execute custom install script
[0.331s] -- Up-to-date symlink: /home/mickyas/ros2_ws/install/urdf_and_meshes_of_the_robot/share/urdf_and_meshes_of_the_robot/config/joint_names_URDF_AND_MESHES_OF_THE_ROBOT.yaml
[0.331s] -- Up-to-date symlink: /home/mickyas/ros2_ws/install/urdf_and_meshes_of_the_robot/share/urdf_and_meshes_of_the_robot/launch/display.launch
[0.332s] -- Up-to-date symlink: /home/mickyas/ros2_ws/install/urdf_and_meshes_of_the_robot/share/urdf_and_meshes_of_the_robot/launch/display.launch.py
[0.332s] -- Up-to-date symlink: /home/mickyas/ros2_ws/install/urdf_and_meshes_of_the_robot/share/urdf_and_meshes_of_the_robot/launch/gazebo.launch
[0.332s] -- Up-to-date symlink: /home/mickyas/ros2_ws/install/urdf_and_meshes_of_the_robot/share/urdf_and_meshes_of_the_robot/meshes/BODY_link.STL
[0.333s] -- Up-to-date symlink: /home/mickyas/ros2_ws/install/urdf_and_meshes_of_the_robot/share/urdf_and_meshes_of_the_robot/meshes/Left_wheel.STL
[0.333s] -- Up-to-date symlink: /home/mickyas/ros2_ws/install/urdf_and_meshes_of_the_robot/share/urdf_and_meshes_of_the_robot/meshes/Lower_left_leg.STL
[0.333s] -- Up-to-date symlink: /home/mickyas/ros2_ws/install/urdf_and_meshes_of_the_robot/share/urdf_and_meshes_of_the_robot/meshes/Lower_right_link.STL
[0.333s] -- Up-to-date symlink: /home/mickyas/ros2_ws/install/urdf_and_meshes_of_the_robot/share/urdf_and_meshes_of_the_robot/meshes/Right_wheel.STL
[0.333s] -- Up-to-date symlink: /home/mickyas/ros2_ws/install/urdf_and_meshes_of_the_robot/share/urdf_and_meshes_of_the_robot/meshes/Upper_left_leg.STL
[0.333s] -- Up-to-date symlink: /home/mickyas/ros2_ws/install/urdf_and_meshes_of_the_robot/share/urdf_and_meshes_of_the_robot/meshes/Upper_right_link.STL
[0.334s] -- Up-to-date symlink: /home/mickyas/ros2_ws/install/urdf_and_meshes_of_the_robot/share/urdf_and_meshes_of_the_robot/urdf/urdf_and_meshes_of_the_robot.csv
[0.334s] -- Up-to-date symlink: /home/mickyas/ros2_ws/install/urdf_and_meshes_of_the_robot/share/urdf_and_meshes_of_the_robot/urdf/urdf_and_meshes_of_the_robot.urdf
[0.334s] -- Up-to-date symlink: /home/mickyas/ros2_ws/install/urdf_and_meshes_of_the_robot/share/ament_index/resource_index/package_run_dependencies/urdf_and_meshes_of_the_robot
[0.334s] -- Up-to-date symlink: /home/mickyas/ros2_ws/install/urdf_and_meshes_of_the_robot/share/ament_index/resource_index/parent_prefix_path/urdf_and_meshes_of_the_robot
[0.334s] -- Up-to-date symlink: /home/mickyas/ros2_ws/install/urdf_and_meshes_of_the_robot/share/urdf_and_meshes_of_the_robot/environment/ament_prefix_path.sh
[0.335s] -- Up-to-date symlink: /home/mickyas/ros2_ws/install/urdf_and_meshes_of_the_robot/share/urdf_and_meshes_of_the_robot/environment/ament_prefix_path.dsv
[0.335s] -- Up-to-date symlink: /home/mickyas/ros2_ws/install/urdf_and_meshes_of_the_robot/share/urdf_and_meshes_of_the_robot/environment/path.sh
[0.335s] -- Up-to-date symlink: /home/mickyas/ros2_ws/install/urdf_and_meshes_of_the_robot/share/urdf_and_meshes_of_the_robot/environment/path.dsv
[0.335s] -- Up-to-date symlink: /home/mickyas/ros2_ws/install/urdf_and_meshes_of_the_robot/share/urdf_and_meshes_of_the_robot/local_setup.bash
[0.335s] -- Up-to-date symlink: /home/mickyas/ros2_ws/install/urdf_and_meshes_of_the_robot/share/urdf_and_meshes_of_the_robot/local_setup.sh
[0.336s] -- Up-to-date symlink: /home/mickyas/ros2_ws/install/urdf_and_meshes_of_the_robot/share/urdf_and_meshes_of_the_robot/local_setup.zsh
[0.336s] -- Up-to-date symlink: /home/mickyas/ros2_ws/install/urdf_and_meshes_of_the_robot/share/urdf_and_meshes_of_the_robot/local_setup.dsv
[0.336s] -- Symlinking: /home/mickyas/ros2_ws/install/urdf_and_meshes_of_the_robot/share/urdf_and_meshes_of_the_robot/package.dsv
[0.343s] -- Up-to-date symlink: /home/mickyas/ros2_ws/install/urdf_and_meshes_of_the_robot/share/ament_index/resource_index/packages/urdf_and_meshes_of_the_robot
[0.343s] -- Up-to-date symlink: /home/mickyas/ros2_ws/install/urdf_and_meshes_of_the_robot/share/urdf_and_meshes_of_the_robot/cmake/urdf_and_meshes_of_the_robotConfig.cmake
[0.343s] -- Up-to-date symlink: /home/mickyas/ros2_ws/install/urdf_and_meshes_of_the_robot/share/urdf_and_meshes_of_the_robot/cmake/urdf_and_meshes_of_the_robotConfig-version.cmake
[0.344s] -- Up-to-date symlink: /home/mickyas/ros2_ws/install/urdf_and_meshes_of_the_robot/share/urdf_and_meshes_of_the_robot/package.xml
[0.346s] Invoked command in '/home/mickyas/ros2_ws/build/urdf_and_meshes_of_the_robot' returned '0': CONDA_PROMPT_MODIFIER=(base) /usr/bin/cmake --install /home/mickyas/ros2_ws/build/urdf_and_meshes_of_the_robot
