-- Install configuration: ""
-- Execute custom install script
-- Up-to-date symlink: /home/mickyas/ros2_ws/install/urdf_and_meshes_of_the_robot/lib/urdf_and_meshes_of_the_robot/robot_nodes_control.py
-- Up-to-date symlink: /home/mickyas/ros2_ws/install/urdf_and_meshes_of_the_robot/lib/urdf_and_meshes_of_the_robot/train_rl_ppo.py
-- Up-to-date symlink: /home/mickyas/ros2_ws/install/urdf_and_meshes_of_the_robot/share/urdf_and_meshes_of_the_robot//launch/display.launch
-- Up-to-date symlink: /home/mickyas/ros2_ws/install/urdf_and_meshes_of_the_robot/share/urdf_and_meshes_of_the_robot//launch/display.launch.py
-- Up-to-date symlink: /home/mickyas/ros2_ws/install/urdf_and_meshes_of_the_robot/share/urdf_and_meshes_of_the_robot//launch/gazebo.launch
-- Up-to-date symlink: /home/mickyas/ros2_ws/install/urdf_and_meshes_of_the_robot/share/urdf_and_meshes_of_the_robot//launch/gazebo.launch.py
-- Up-to-date symlink: /home/mickyas/ros2_ws/install/urdf_and_meshes_of_the_robot/share/urdf_and_meshes_of_the_robot//urdf/old_urdf_and_meshes_of_the_robot.urdf.xacro
-- Up-to-date symlink: /home/mickyas/ros2_ws/install/urdf_and_meshes_of_the_robot/share/urdf_and_meshes_of_the_robot//urdf/urdf_and_meshes_of_the_robot.csv
-- Up-to-date symlink: /home/mickyas/ros2_ws/install/urdf_and_meshes_of_the_robot/share/urdf_and_meshes_of_the_robot//urdf/urdf_and_meshes_of_the_robot.urdf
-- Up-to-date symlink: /home/mickyas/ros2_ws/install/urdf_and_meshes_of_the_robot/share/urdf_and_meshes_of_the_robot//config/joint_names_URDF_AND_MESHES_OF_THE_ROBOT.yaml
-- Up-to-date symlink: /home/mickyas/ros2_ws/install/urdf_and_meshes_of_the_robot/share/urdf_and_meshes_of_the_robot//meshes/BODY_link.STL
-- Up-to-date symlink: /home/mickyas/ros2_ws/install/urdf_and_meshes_of_the_robot/share/urdf_and_meshes_of_the_robot//meshes/IMU_link.STL
-- Up-to-date symlink: /home/mickyas/ros2_ws/install/urdf_and_meshes_of_the_robot/share/urdf_and_meshes_of_the_robot//meshes/Left_wheel.STL
-- Up-to-date symlink: /home/mickyas/ros2_ws/install/urdf_and_meshes_of_the_robot/share/urdf_and_meshes_of_the_robot//meshes/Lower_left_leg.STL
-- Up-to-date symlink: /home/mickyas/ros2_ws/install/urdf_and_meshes_of_the_robot/share/urdf_and_meshes_of_the_robot//meshes/Lower_right_link.STL
-- Up-to-date symlink: /home/mickyas/ros2_ws/install/urdf_and_meshes_of_the_robot/share/urdf_and_meshes_of_the_robot//meshes/Right_wheel.STL
-- Up-to-date symlink: /home/mickyas/ros2_ws/install/urdf_and_meshes_of_the_robot/share/urdf_and_meshes_of_the_robot//meshes/Upper_left_leg.STL
-- Up-to-date symlink: /home/mickyas/ros2_ws/install/urdf_and_meshes_of_the_robot/share/urdf_and_meshes_of_the_robot//meshes/Upper_right_link.STL
-- Up-to-date symlink: /home/mickyas/ros2_ws/install/urdf_and_meshes_of_the_robot/share/urdf_and_meshes_of_the_robot//meshes/camera_link.STL
-- Up-to-date symlink: /home/mickyas/ros2_ws/install/urdf_and_meshes_of_the_robot/share/urdf_and_meshes_of_the_robot//meshes/lidar_link.STL
-- Up-to-date symlink: /home/mickyas/ros2_ws/install/urdf_and_meshes_of_the_robot/share/urdf_and_meshes_of_the_robot//worlds/empty.world
-- Up-to-date symlink: /home/mickyas/ros2_ws/install/urdf_and_meshes_of_the_robot/share/ament_index/resource_index/package_run_dependencies/urdf_and_meshes_of_the_robot
-- Up-to-date symlink: /home/mickyas/ros2_ws/install/urdf_and_meshes_of_the_robot/share/ament_index/resource_index/parent_prefix_path/urdf_and_meshes_of_the_robot
-- Up-to-date symlink: /home/mickyas/ros2_ws/install/urdf_and_meshes_of_the_robot/share/urdf_and_meshes_of_the_robot/environment/ament_prefix_path.sh
-- Up-to-date symlink: /home/mickyas/ros2_ws/install/urdf_and_meshes_of_the_robot/share/urdf_and_meshes_of_the_robot/environment/ament_prefix_path.dsv
-- Up-to-date symlink: /home/mickyas/ros2_ws/install/urdf_and_meshes_of_the_robot/share/urdf_and_meshes_of_the_robot/environment/path.sh
-- Up-to-date symlink: /home/mickyas/ros2_ws/install/urdf_and_meshes_of_the_robot/share/urdf_and_meshes_of_the_robot/environment/path.dsv
-- Up-to-date symlink: /home/mickyas/ros2_ws/install/urdf_and_meshes_of_the_robot/share/urdf_and_meshes_of_the_robot/local_setup.bash
-- Up-to-date symlink: /home/mickyas/ros2_ws/install/urdf_and_meshes_of_the_robot/share/urdf_and_meshes_of_the_robot/local_setup.sh
-- Up-to-date symlink: /home/mickyas/ros2_ws/install/urdf_and_meshes_of_the_robot/share/urdf_and_meshes_of_the_robot/local_setup.zsh
-- Up-to-date symlink: /home/mickyas/ros2_ws/install/urdf_and_meshes_of_the_robot/share/urdf_and_meshes_of_the_robot/local_setup.dsv
-- Symlinking: /home/mickyas/ros2_ws/install/urdf_and_meshes_of_the_robot/share/urdf_and_meshes_of_the_robot/package.dsv
-- Up-to-date symlink: /home/mickyas/ros2_ws/install/urdf_and_meshes_of_the_robot/share/ament_index/resource_index/packages/urdf_and_meshes_of_the_robot
-- Up-to-date symlink: /home/mickyas/ros2_ws/install/urdf_and_meshes_of_the_robot/share/urdf_and_meshes_of_the_robot/cmake/urdf_and_meshes_of_the_robotConfig.cmake
-- Up-to-date symlink: /home/mickyas/ros2_ws/install/urdf_and_meshes_of_the_robot/share/urdf_and_meshes_of_the_robot/cmake/urdf_and_meshes_of_the_robotConfig-version.cmake
-- Up-to-date symlink: /home/mickyas/ros2_ws/install/urdf_and_meshes_of_the_robot/share/urdf_and_meshes_of_the_robot/package.xml
-- Up-to-date: /home/mickyas/ros2_ws/install/urdf_and_meshes_of_the_robot/lib/urdf_and_meshes_of_the_robot/robot_nodes_control
-- Up-to-date: /home/mickyas/ros2_ws/install/urdf_and_meshes_of_the_robot/lib/urdf_and_meshes_of_the_robot/train_rl_ppo
