[0.101s] DEBUG:colcon:Command line arguments: ['/usr/bin/colcon', 'build', '--symlink-install']
[0.101s] DEBUG:colcon:Parsed command line arguments: Namespace(log_base=None, log_level=None, verb_name='build', build_base='build', install_base='install', merge_install=False, symlink_install=True, test_result_base=None, continue_on_error=False, executor='parallel', parallel_workers=16, event_handlers=None, ignore_user_meta=False, metas=['./colcon.meta'], base_paths=['.'], packages_ignore=None, packages_ignore_regex=None, paths=None, packages_up_to=None, packages_up_to_regex=None, packages_above=None, packages_above_and_dependencies=None, packages_above_depth=None, packages_select_by_dep=None, packages_skip_by_dep=None, packages_skip_up_to=None, packages_select_build_failed=False, packages_skip_build_finished=False, packages_select_test_failures=False, packages_skip_test_passed=False, packages_select=None, packages_skip=None, packages_select_regex=None, packages_skip_regex=None, packages_start=None, packages_end=None, allow_overriding=[], cmake_args=None, cmake_target=None, cmake_target_skip_unavailable=False, cmake_clean_cache=False, cmake_clean_first=False, cmake_force_configure=False, ament_cmake_args=None, catkin_cmake_args=None, catkin_skip_building_tests=False, mixin_files=None, mixin=None, verb_parser=<colcon_mixin.mixin.mixin_argument.MixinArgumentDecorator object at 0x7a3eadaaf0a0>, verb_extension=<colcon_core.verb.build.BuildVerb object at 0x7a3eadc1ff70>, main=<bound method BuildVerb.main of <colcon_core.verb.build.BuildVerb object at 0x7a3eadc1ff70>>, mixin_verb=('build',))
[0.244s] Level 1:colcon.colcon_core.package_discovery:discover_packages(colcon_meta) check parameters
[0.244s] Level 1:colcon.colcon_core.package_discovery:discover_packages(recursive) check parameters
[0.244s] Level 1:colcon.colcon_core.package_discovery:discover_packages(ignore) check parameters
[0.244s] Level 1:colcon.colcon_core.package_discovery:discover_packages(path) check parameters
[0.244s] Level 1:colcon.colcon_core.package_discovery:discover_packages(colcon_meta) discover
[0.244s] Level 1:colcon.colcon_core.package_discovery:discover_packages(recursive) discover
[0.244s] INFO:colcon.colcon_core.package_discovery:Crawling recursively for packages in '/home/mickyas/ros2_ws'
[0.244s] Level 1:colcon.colcon_core.package_identification:_identify(.) by extensions ['ignore', 'ignore_ament_install']
[0.244s] Level 1:colcon.colcon_core.package_identification:_identify(.) by extension 'ignore'
[0.244s] Level 1:colcon.colcon_core.package_identification:_identify(.) by extension 'ignore_ament_install'
[0.244s] Level 1:colcon.colcon_core.package_identification:_identify(.) by extensions ['colcon_pkg']
[0.244s] Level 1:colcon.colcon_core.package_identification:_identify(.) by extension 'colcon_pkg'
[0.244s] Level 1:colcon.colcon_core.package_identification:_identify(.) by extensions ['colcon_meta']
[0.244s] Level 1:colcon.colcon_core.package_identification:_identify(.) by extension 'colcon_meta'
[0.244s] Level 1:colcon.colcon_core.package_identification:_identify(.) by extensions ['ros']
[0.244s] Level 1:colcon.colcon_core.package_identification:_identify(.) by extension 'ros'
[0.255s] Level 1:colcon.colcon_core.package_identification:_identify(.) by extensions ['cmake', 'python']
[0.255s] Level 1:colcon.colcon_core.package_identification:_identify(.) by extension 'cmake'
[0.255s] Level 1:colcon.colcon_core.package_identification:_identify(.) by extension 'python'
[0.255s] Level 1:colcon.colcon_core.package_identification:_identify(.) by extensions ['python_setup_py']
[0.255s] Level 1:colcon.colcon_core.package_identification:_identify(.) by extension 'python_setup_py'
[0.255s] Level 1:colcon.colcon_core.package_identification:_identify(build) by extensions ['ignore', 'ignore_ament_install']
[0.255s] Level 1:colcon.colcon_core.package_identification:_identify(build) by extension 'ignore'
[0.255s] Level 1:colcon.colcon_core.package_identification:_identify(build) ignored
[0.255s] Level 1:colcon.colcon_core.package_identification:_identify(install) by extensions ['ignore', 'ignore_ament_install']
[0.256s] Level 1:colcon.colcon_core.package_identification:_identify(install) by extension 'ignore'
[0.256s] Level 1:colcon.colcon_core.package_identification:_identify(install) ignored
[0.256s] Level 1:colcon.colcon_core.package_identification:_identify(log) by extensions ['ignore', 'ignore_ament_install']
[0.256s] Level 1:colcon.colcon_core.package_identification:_identify(log) by extension 'ignore'
[0.256s] Level 1:colcon.colcon_core.package_identification:_identify(log) ignored
[0.256s] Level 1:colcon.colcon_core.package_identification:_identify(resource) by extensions ['ignore', 'ignore_ament_install']
[0.256s] Level 1:colcon.colcon_core.package_identification:_identify(resource) by extension 'ignore'
[0.256s] Level 1:colcon.colcon_core.package_identification:_identify(resource) by extension 'ignore_ament_install'
[0.256s] Level 1:colcon.colcon_core.package_identification:_identify(resource) by extensions ['colcon_pkg']
[0.256s] Level 1:colcon.colcon_core.package_identification:_identify(resource) by extension 'colcon_pkg'
[0.256s] Level 1:colcon.colcon_core.package_identification:_identify(resource) by extensions ['colcon_meta']
[0.256s] Level 1:colcon.colcon_core.package_identification:_identify(resource) by extension 'colcon_meta'
[0.256s] Level 1:colcon.colcon_core.package_identification:_identify(resource) by extensions ['ros']
[0.256s] Level 1:colcon.colcon_core.package_identification:_identify(resource) by extension 'ros'
[0.256s] Level 1:colcon.colcon_core.package_identification:_identify(resource) by extensions ['cmake', 'python']
[0.256s] Level 1:colcon.colcon_core.package_identification:_identify(resource) by extension 'cmake'
[0.256s] Level 1:colcon.colcon_core.package_identification:_identify(resource) by extension 'python'
[0.256s] Level 1:colcon.colcon_core.package_identification:_identify(resource) by extensions ['python_setup_py']
[0.256s] Level 1:colcon.colcon_core.package_identification:_identify(resource) by extension 'python_setup_py'
[0.256s] Level 1:colcon.colcon_core.package_identification:_identify(src) by extensions ['ignore', 'ignore_ament_install']
[0.256s] Level 1:colcon.colcon_core.package_identification:_identify(src) by extension 'ignore'
[0.257s] Level 1:colcon.colcon_core.package_identification:_identify(src) by extension 'ignore_ament_install'
[0.257s] Level 1:colcon.colcon_core.package_identification:_identify(src) by extensions ['colcon_pkg']
[0.257s] Level 1:colcon.colcon_core.package_identification:_identify(src) by extension 'colcon_pkg'
[0.257s] Level 1:colcon.colcon_core.package_identification:_identify(src) by extensions ['colcon_meta']
[0.257s] Level 1:colcon.colcon_core.package_identification:_identify(src) by extension 'colcon_meta'
[0.257s] Level 1:colcon.colcon_core.package_identification:_identify(src) by extensions ['ros']
[0.257s] Level 1:colcon.colcon_core.package_identification:_identify(src) by extension 'ros'
[0.257s] Level 1:colcon.colcon_core.package_identification:_identify(src) by extensions ['cmake', 'python']
[0.257s] Level 1:colcon.colcon_core.package_identification:_identify(src) by extension 'cmake'
[0.257s] Level 1:colcon.colcon_core.package_identification:_identify(src) by extension 'python'
[0.257s] Level 1:colcon.colcon_core.package_identification:_identify(src) by extensions ['python_setup_py']
[0.257s] Level 1:colcon.colcon_core.package_identification:_identify(src) by extension 'python_setup_py'
[0.257s] Level 1:colcon.colcon_core.package_identification:_identify(src/urdf_and_meshes_of_the_robot) by extensions ['ignore', 'ignore_ament_install']
[0.257s] Level 1:colcon.colcon_core.package_identification:_identify(src/urdf_and_meshes_of_the_robot) by extension 'ignore'
[0.257s] Level 1:colcon.colcon_core.package_identification:_identify(src/urdf_and_meshes_of_the_robot) by extension 'ignore_ament_install'
[0.257s] Level 1:colcon.colcon_core.package_identification:_identify(src/urdf_and_meshes_of_the_robot) by extensions ['colcon_pkg']
[0.257s] Level 1:colcon.colcon_core.package_identification:_identify(src/urdf_and_meshes_of_the_robot) by extension 'colcon_pkg'
[0.257s] Level 1:colcon.colcon_core.package_identification:_identify(src/urdf_and_meshes_of_the_robot) by extensions ['colcon_meta']
[0.257s] Level 1:colcon.colcon_core.package_identification:_identify(src/urdf_and_meshes_of_the_robot) by extension 'colcon_meta'
[0.257s] Level 1:colcon.colcon_core.package_identification:_identify(src/urdf_and_meshes_of_the_robot) by extensions ['ros']
[0.257s] Level 1:colcon.colcon_core.package_identification:_identify(src/urdf_and_meshes_of_the_robot) by extension 'ros'
[0.261s] DEBUG:colcon.colcon_core.package_identification:Package 'src/urdf_and_meshes_of_the_robot' with type 'ros.ament_cmake' and name 'urdf_and_meshes_of_the_robot'
[0.261s] Level 1:colcon.colcon_core.package_identification:_identify(urdf_and_meshes_of_the_robot) by extensions ['ignore', 'ignore_ament_install']
[0.261s] Level 1:colcon.colcon_core.package_identification:_identify(urdf_and_meshes_of_the_robot) by extension 'ignore'
[0.261s] Level 1:colcon.colcon_core.package_identification:_identify(urdf_and_meshes_of_the_robot) by extension 'ignore_ament_install'
[0.261s] Level 1:colcon.colcon_core.package_identification:_identify(urdf_and_meshes_of_the_robot) by extensions ['colcon_pkg']
[0.261s] Level 1:colcon.colcon_core.package_identification:_identify(urdf_and_meshes_of_the_robot) by extension 'colcon_pkg'
[0.261s] Level 1:colcon.colcon_core.package_identification:_identify(urdf_and_meshes_of_the_robot) by extensions ['colcon_meta']
[0.261s] Level 1:colcon.colcon_core.package_identification:_identify(urdf_and_meshes_of_the_robot) by extension 'colcon_meta'
[0.261s] Level 1:colcon.colcon_core.package_identification:_identify(urdf_and_meshes_of_the_robot) by extensions ['ros']
[0.261s] Level 1:colcon.colcon_core.package_identification:_identify(urdf_and_meshes_of_the_robot) by extension 'ros'
[0.261s] Level 1:colcon.colcon_core.package_identification:_identify(urdf_and_meshes_of_the_robot) by extensions ['cmake', 'python']
[0.261s] Level 1:colcon.colcon_core.package_identification:_identify(urdf_and_meshes_of_the_robot) by extension 'cmake'
[0.261s] Level 1:colcon.colcon_core.package_identification:_identify(urdf_and_meshes_of_the_robot) by extension 'python'
[0.261s] Level 1:colcon.colcon_core.package_identification:_identify(urdf_and_meshes_of_the_robot) by extensions ['python_setup_py']
[0.261s] Level 1:colcon.colcon_core.package_identification:_identify(urdf_and_meshes_of_the_robot) by extension 'python_setup_py'
[0.261s] Level 1:colcon.colcon_core.package_discovery:discover_packages(recursive) using defaults
[0.261s] Level 1:colcon.colcon_core.package_discovery:discover_packages(ignore) discover
[0.261s] Level 1:colcon.colcon_core.package_discovery:discover_packages(ignore) using defaults
[0.261s] Level 1:colcon.colcon_core.package_discovery:discover_packages(path) discover
[0.261s] Level 1:colcon.colcon_core.package_discovery:discover_packages(path) using defaults
[0.281s] Level 1:colcon.colcon_core.package_discovery:discover_packages(prefix_path) check parameters
[0.281s] Level 1:colcon.colcon_core.package_discovery:discover_packages(prefix_path) discover
[0.282s] DEBUG:colcon.colcon_installed_package_information.package_discovery:Found 1 installed packages in /home/mickyas/ros2_ws/install
[0.282s] DEBUG:colcon.colcon_installed_package_information.package_discovery:Found 3 installed packages in /home/mickyas/turtlebot3_ws/install
[0.283s] DEBUG:colcon.colcon_installed_package_information.package_discovery:Found 241 installed packages in /opt/ros/humble
[0.293s] Level 1:colcon.colcon_core.package_discovery:discover_packages(prefix_path) using defaults
[0.319s] Level 5:colcon.colcon_core.verb:set package 'urdf_and_meshes_of_the_robot' build argument 'cmake_args' from command line to 'None'
[0.319s] Level 5:colcon.colcon_core.verb:set package 'urdf_and_meshes_of_the_robot' build argument 'cmake_target' from command line to 'None'
[0.319s] Level 5:colcon.colcon_core.verb:set package 'urdf_and_meshes_of_the_robot' build argument 'cmake_target_skip_unavailable' from command line to 'False'
[0.319s] Level 5:colcon.colcon_core.verb:set package 'urdf_and_meshes_of_the_robot' build argument 'cmake_clean_cache' from command line to 'False'
[0.319s] Level 5:colcon.colcon_core.verb:set package 'urdf_and_meshes_of_the_robot' build argument 'cmake_clean_first' from command line to 'False'
[0.319s] Level 5:colcon.colcon_core.verb:set package 'urdf_and_meshes_of_the_robot' build argument 'cmake_force_configure' from command line to 'False'
[0.319s] Level 5:colcon.colcon_core.verb:set package 'urdf_and_meshes_of_the_robot' build argument 'ament_cmake_args' from command line to 'None'
[0.319s] Level 5:colcon.colcon_core.verb:set package 'urdf_and_meshes_of_the_robot' build argument 'catkin_cmake_args' from command line to 'None'
[0.319s] Level 5:colcon.colcon_core.verb:set package 'urdf_and_meshes_of_the_robot' build argument 'catkin_skip_building_tests' from command line to 'False'
[0.319s] DEBUG:colcon.colcon_core.verb:Building package 'urdf_and_meshes_of_the_robot' with the following arguments: {'ament_cmake_args': None, 'build_base': '/home/mickyas/ros2_ws/build/urdf_and_meshes_of_the_robot', 'catkin_cmake_args': None, 'catkin_skip_building_tests': False, 'cmake_args': None, 'cmake_clean_cache': False, 'cmake_clean_first': False, 'cmake_force_configure': False, 'cmake_target': None, 'cmake_target_skip_unavailable': False, 'install_base': '/home/mickyas/ros2_ws/install/urdf_and_meshes_of_the_robot', 'merge_install': False, 'path': '/home/mickyas/ros2_ws/src/urdf_and_meshes_of_the_robot', 'symlink_install': True, 'test_result_base': None}
[0.320s] INFO:colcon.colcon_core.executor:Executing jobs using 'parallel' executor
[0.321s] DEBUG:colcon.colcon_parallel_executor.executor.parallel:run_until_complete
[0.321s] INFO:colcon.colcon_ros.task.ament_cmake.build:Building ROS package in '/home/mickyas/ros2_ws/src/urdf_and_meshes_of_the_robot' with build type 'ament_cmake'
[0.321s] INFO:colcon.colcon_cmake.task.cmake.build:Building CMake package in '/home/mickyas/ros2_ws/src/urdf_and_meshes_of_the_robot'
[0.323s] INFO:colcon.colcon_core.plugin_system:Skipping extension 'colcon_core.shell.bat': Not used on non-Windows systems
[0.323s] INFO:colcon.colcon_core.shell:Skip shell extension 'powershell' for command environment: Not usable outside of PowerShell
[0.323s] DEBUG:colcon.colcon_core.shell:Skip shell extension 'dsv' for command environment
[0.333s] DEBUG:colcon.colcon_core.event_handler.log_command:Invoking command in '/home/mickyas/ros2_ws/build/urdf_and_meshes_of_the_robot': CONDA_PROMPT_MODIFIER=(base) /usr/bin/cmake --build /home/mickyas/ros2_ws/build/urdf_and_meshes_of_the_robot -- -j16 -l16
[0.373s] DEBUG:colcon.colcon_core.event_handler.log_command:Invoked command in '/home/mickyas/ros2_ws/build/urdf_and_meshes_of_the_robot' returned '0': CONDA_PROMPT_MODIFIER=(base) /usr/bin/cmake --build /home/mickyas/ros2_ws/build/urdf_and_meshes_of_the_robot -- -j16 -l16
[0.384s] DEBUG:colcon.colcon_core.event_handler.log_command:Invoking command in '/home/mickyas/ros2_ws/build/urdf_and_meshes_of_the_robot': CONDA_PROMPT_MODIFIER=(base) /usr/bin/cmake --install /home/mickyas/ros2_ws/build/urdf_and_meshes_of_the_robot
[0.409s] Level 1:colcon.colcon_core.environment:create_environment_scripts_only(urdf_and_meshes_of_the_robot)
[0.410s] DEBUG:colcon.colcon_core.event_handler.log_command:Invoked command in '/home/mickyas/ros2_ws/build/urdf_and_meshes_of_the_robot' returned '0': CONDA_PROMPT_MODIFIER=(base) /usr/bin/cmake --install /home/mickyas/ros2_ws/build/urdf_and_meshes_of_the_robot
[0.412s] Level 1:colcon.colcon_core.environment:checking '/home/mickyas/ros2_ws/install/urdf_and_meshes_of_the_robot' for CMake module files
[0.413s] Level 1:colcon.colcon_core.environment:checking '/home/mickyas/ros2_ws/install/urdf_and_meshes_of_the_robot' for CMake config files
[0.413s] Level 1:colcon.colcon_core.shell:create_environment_hook('urdf_and_meshes_of_the_robot', 'cmake_prefix_path')
[0.413s] INFO:colcon.colcon_core.shell:Creating environment hook '/home/mickyas/ros2_ws/install/urdf_and_meshes_of_the_robot/share/urdf_and_meshes_of_the_robot/hook/cmake_prefix_path.ps1'
[0.414s] INFO:colcon.colcon_core.shell:Creating environment descriptor '/home/mickyas/ros2_ws/install/urdf_and_meshes_of_the_robot/share/urdf_and_meshes_of_the_robot/hook/cmake_prefix_path.dsv'
[0.414s] INFO:colcon.colcon_core.shell:Creating environment hook '/home/mickyas/ros2_ws/install/urdf_and_meshes_of_the_robot/share/urdf_and_meshes_of_the_robot/hook/cmake_prefix_path.sh'
[0.416s] Level 1:colcon.colcon_core.environment:checking '/home/mickyas/ros2_ws/install/urdf_and_meshes_of_the_robot/lib'
[0.416s] Level 1:colcon.colcon_core.environment:checking '/home/mickyas/ros2_ws/install/urdf_and_meshes_of_the_robot/bin'
[0.416s] Level 1:colcon.colcon_core.environment:checking '/home/mickyas/ros2_ws/install/urdf_and_meshes_of_the_robot/lib/pkgconfig/urdf_and_meshes_of_the_robot.pc'
[0.416s] Level 1:colcon.colcon_core.environment:checking '/home/mickyas/ros2_ws/install/urdf_and_meshes_of_the_robot/lib/python3.10/site-packages'
[0.417s] Level 1:colcon.colcon_core.environment:checking '/home/mickyas/ros2_ws/install/urdf_and_meshes_of_the_robot/bin'
[0.417s] INFO:colcon.colcon_core.shell:Creating package script '/home/mickyas/ros2_ws/install/urdf_and_meshes_of_the_robot/share/urdf_and_meshes_of_the_robot/package.ps1'
[0.418s] INFO:colcon.colcon_core.shell:Creating package descriptor '/home/mickyas/ros2_ws/install/urdf_and_meshes_of_the_robot/share/urdf_and_meshes_of_the_robot/package.dsv'
[0.418s] INFO:colcon.colcon_core.shell:Creating package script '/home/mickyas/ros2_ws/install/urdf_and_meshes_of_the_robot/share/urdf_and_meshes_of_the_robot/package.sh'
[0.419s] INFO:colcon.colcon_core.shell:Creating package script '/home/mickyas/ros2_ws/install/urdf_and_meshes_of_the_robot/share/urdf_and_meshes_of_the_robot/package.bash'
[0.420s] INFO:colcon.colcon_core.shell:Creating package script '/home/mickyas/ros2_ws/install/urdf_and_meshes_of_the_robot/share/urdf_and_meshes_of_the_robot/package.zsh'
[0.421s] Level 1:colcon.colcon_core.environment:create_file_with_runtime_dependencies(/home/mickyas/ros2_ws/install/urdf_and_meshes_of_the_robot/share/colcon-core/packages/urdf_and_meshes_of_the_robot)
[0.422s] Level 1:colcon.colcon_core.environment:create_environment_scripts_only(urdf_and_meshes_of_the_robot)
[0.422s] Level 1:colcon.colcon_core.environment:checking '/home/mickyas/ros2_ws/install/urdf_and_meshes_of_the_robot' for CMake module files
[0.422s] Level 1:colcon.colcon_core.environment:checking '/home/mickyas/ros2_ws/install/urdf_and_meshes_of_the_robot' for CMake config files
[0.423s] Level 1:colcon.colcon_core.shell:create_environment_hook('urdf_and_meshes_of_the_robot', 'cmake_prefix_path')
[0.423s] INFO:colcon.colcon_core.shell:Creating environment hook '/home/mickyas/ros2_ws/install/urdf_and_meshes_of_the_robot/share/urdf_and_meshes_of_the_robot/hook/cmake_prefix_path.ps1'
[0.424s] INFO:colcon.colcon_core.shell:Creating environment descriptor '/home/mickyas/ros2_ws/install/urdf_and_meshes_of_the_robot/share/urdf_and_meshes_of_the_robot/hook/cmake_prefix_path.dsv'
[0.424s] INFO:colcon.colcon_core.shell:Creating environment hook '/home/mickyas/ros2_ws/install/urdf_and_meshes_of_the_robot/share/urdf_and_meshes_of_the_robot/hook/cmake_prefix_path.sh'
[0.424s] Level 1:colcon.colcon_core.environment:checking '/home/mickyas/ros2_ws/install/urdf_and_meshes_of_the_robot/lib'
[0.425s] Level 1:colcon.colcon_core.environment:checking '/home/mickyas/ros2_ws/install/urdf_and_meshes_of_the_robot/bin'
[0.425s] Level 1:colcon.colcon_core.environment:checking '/home/mickyas/ros2_ws/install/urdf_and_meshes_of_the_robot/lib/pkgconfig/urdf_and_meshes_of_the_robot.pc'
[0.425s] Level 1:colcon.colcon_core.environment:checking '/home/mickyas/ros2_ws/install/urdf_and_meshes_of_the_robot/lib/python3.10/site-packages'
[0.425s] Level 1:colcon.colcon_core.environment:checking '/home/mickyas/ros2_ws/install/urdf_and_meshes_of_the_robot/bin'
[0.426s] INFO:colcon.colcon_core.shell:Creating package script '/home/mickyas/ros2_ws/install/urdf_and_meshes_of_the_robot/share/urdf_and_meshes_of_the_robot/package.ps1'
[0.426s] INFO:colcon.colcon_core.shell:Creating package descriptor '/home/mickyas/ros2_ws/install/urdf_and_meshes_of_the_robot/share/urdf_and_meshes_of_the_robot/package.dsv'
[0.427s] INFO:colcon.colcon_core.shell:Creating package script '/home/mickyas/ros2_ws/install/urdf_and_meshes_of_the_robot/share/urdf_and_meshes_of_the_robot/package.sh'
[0.427s] INFO:colcon.colcon_core.shell:Creating package script '/home/mickyas/ros2_ws/install/urdf_and_meshes_of_the_robot/share/urdf_and_meshes_of_the_robot/package.bash'
[0.428s] INFO:colcon.colcon_core.shell:Creating package script '/home/mickyas/ros2_ws/install/urdf_and_meshes_of_the_robot/share/urdf_and_meshes_of_the_robot/package.zsh'
[0.428s] Level 1:colcon.colcon_core.environment:create_file_with_runtime_dependencies(/home/mickyas/ros2_ws/install/urdf_and_meshes_of_the_robot/share/colcon-core/packages/urdf_and_meshes_of_the_robot)
[0.428s] DEBUG:colcon.colcon_parallel_executor.executor.parallel:closing loop
[0.429s] DEBUG:colcon.colcon_parallel_executor.executor.parallel:loop closed
[0.429s] DEBUG:colcon.colcon_parallel_executor.executor.parallel:run_until_complete finished with '0'
[0.429s] DEBUG:colcon.colcon_core.event_reactor:joining thread
[0.434s] INFO:colcon.colcon_core.plugin_system:Skipping extension 'colcon_notification.desktop_notification.terminal_notifier': Not used on non-Darwin systems
[0.434s] INFO:colcon.colcon_core.plugin_system:Skipping extension 'colcon_notification.desktop_notification.win32': Not used on non-Windows systems
[0.435s] INFO:colcon.colcon_notification.desktop_notification:Sending desktop notification using 'notify2'
[0.448s] DEBUG:colcon.colcon_core.event_reactor:joined thread
[0.448s] INFO:colcon.colcon_core.shell:Creating prefix script '/home/mickyas/ros2_ws/install/local_setup.ps1'
[0.450s] INFO:colcon.colcon_core.shell:Creating prefix util module '/home/mickyas/ros2_ws/install/_local_setup_util_ps1.py'
[0.451s] INFO:colcon.colcon_core.shell:Creating prefix chain script '/home/mickyas/ros2_ws/install/setup.ps1'
[0.453s] INFO:colcon.colcon_core.shell:Creating prefix script '/home/mickyas/ros2_ws/install/local_setup.sh'
[0.454s] INFO:colcon.colcon_core.shell:Creating prefix util module '/home/mickyas/ros2_ws/install/_local_setup_util_sh.py'
[0.454s] INFO:colcon.colcon_core.shell:Creating prefix chain script '/home/mickyas/ros2_ws/install/setup.sh'
[0.456s] INFO:colcon.colcon_core.shell:Creating prefix script '/home/mickyas/ros2_ws/install/local_setup.bash'
[0.456s] INFO:colcon.colcon_core.shell:Creating prefix chain script '/home/mickyas/ros2_ws/install/setup.bash'
[0.457s] INFO:colcon.colcon_core.shell:Creating prefix script '/home/mickyas/ros2_ws/install/local_setup.zsh'
[0.458s] INFO:colcon.colcon_core.shell:Creating prefix chain script '/home/mickyas/ros2_ws/install/setup.zsh'
