[0.014s] Invoking command in '/home/mickyas/ros2_ws/build/urdf_and_meshes_of_the_robot': CONDA_PROMPT_MODIFIER=(base) /usr/bin/cmake /home/mickyas/ros2_ws/src/urdf_and_meshes_of_the_robot -DAMENT_CMAKE_SYMLINK_INSTALL=1 -DCMAKE_INSTALL_PREFIX=/home/mickyas/ros2_ws/install/urdf_and_meshes_of_the_robot
[0.099s] -- The C compiler identification is GNU 11.4.0
[0.174s] -- The CXX compiler identification is GNU 11.4.0
[0.185s] -- Detecting C compiler ABI info
[0.264s] -- Detecting C compiler ABI info - done
[0.272s] -- Check for working C compiler: /usr/bin/cc - skipped
[0.273s] -- Detecting C compile features
[0.273s] -- Detecting C compile features - done
[0.277s] -- Detecting CXX compiler ABI info
[0.366s] -- Detecting CXX compiler ABI info - done
[0.375s] -- Check for working CXX compiler: /usr/bin/c++ - skipped
[0.375s] -- Detecting CXX compile features
[0.375s] -- Detecting CXX compile features - done
[0.380s] -- Found ament_cmake: 1.3.11 (/opt/ros/humble/share/ament_cmake/cmake)
[0.554s] -- Found Python3: /usr/bin/python3 (found version "3.10.12") found components: Interpreter 
[0.634s] -- Override CMake install command with custom implementation using symlinks instead of copying resources
[0.664s] -- Found rclpy: 3.3.16 (/opt/ros/humble/share/rclpy/cmake)
[0.743s] -- Configuring done
[0.746s] -- Generating done
[0.747s] -- Build files have been written to: /home/mickyas/ros2_ws/build/urdf_and_meshes_of_the_robot
[0.755s] Invoked command in '/home/mickyas/ros2_ws/build/urdf_and_meshes_of_the_robot' returned '0': CONDA_PROMPT_MODIFIER=(base) /usr/bin/cmake /home/mickyas/ros2_ws/src/urdf_and_meshes_of_the_robot -DAMENT_CMAKE_SYMLINK_INSTALL=1 -DCMAKE_INSTALL_PREFIX=/home/mickyas/ros2_ws/install/urdf_and_meshes_of_the_robot
[0.756s] Invoking command in '/home/mickyas/ros2_ws/build/urdf_and_meshes_of_the_robot': CONDA_PROMPT_MODIFIER=(base) /usr/bin/cmake --build /home/mickyas/ros2_ws/build/urdf_and_meshes_of_the_robot -- -j16 -l16
[0.797s] Invoked command in '/home/mickyas/ros2_ws/build/urdf_and_meshes_of_the_robot' returned '0': CONDA_PROMPT_MODIFIER=(base) /usr/bin/cmake --build /home/mickyas/ros2_ws/build/urdf_and_meshes_of_the_robot -- -j16 -l16
[0.809s] Invoking command in '/home/mickyas/ros2_ws/build/urdf_and_meshes_of_the_robot': CONDA_PROMPT_MODIFIER=(base) /usr/bin/cmake --install /home/mickyas/ros2_ws/build/urdf_and_meshes_of_the_robot
[0.816s] -- Install configuration: ""
[0.817s] -- Execute custom install script
[0.817s] -- Symlinking: /home/mickyas/ros2_ws/install/urdf_and_meshes_of_the_robot/lib/urdf_and_meshes_of_the_robot/robot_nodes_control.py
[0.827s] -- Symlinking: /home/mickyas/ros2_ws/install/urdf_and_meshes_of_the_robot/lib/urdf_and_meshes_of_the_robot/train_rl_ppo.py
[0.836s] -- Symlinking: /home/mickyas/ros2_ws/install/urdf_and_meshes_of_the_robot/share/urdf_and_meshes_of_the_robot//launch/display.launch
[0.846s] -- Symlinking: /home/mickyas/ros2_ws/install/urdf_and_meshes_of_the_robot/share/urdf_and_meshes_of_the_robot//launch/display.launch.py
[0.856s] -- Symlinking: /home/mickyas/ros2_ws/install/urdf_and_meshes_of_the_robot/share/urdf_and_meshes_of_the_robot//launch/gazebo.launch
[0.865s] -- Symlinking: /home/mickyas/ros2_ws/install/urdf_and_meshes_of_the_robot/share/urdf_and_meshes_of_the_robot//launch/gazebo.launch.py
[0.875s] -- Symlinking: /home/mickyas/ros2_ws/install/urdf_and_meshes_of_the_robot/share/urdf_and_meshes_of_the_robot//urdf/old_urdf_and_meshes_of_the_robot.urdf.xacro
[0.884s] -- Symlinking: /home/mickyas/ros2_ws/install/urdf_and_meshes_of_the_robot/share/urdf_and_meshes_of_the_robot//urdf/urdf_and_meshes_of_the_robot.csv
[0.894s] -- Symlinking: /home/mickyas/ros2_ws/install/urdf_and_meshes_of_the_robot/share/urdf_and_meshes_of_the_robot//urdf/urdf_and_meshes_of_the_robot.urdf
[0.903s] -- Symlinking: /home/mickyas/ros2_ws/install/urdf_and_meshes_of_the_robot/share/urdf_and_meshes_of_the_robot//config/joint_names_URDF_AND_MESHES_OF_THE_ROBOT.yaml
[0.913s] -- Symlinking: /home/mickyas/ros2_ws/install/urdf_and_meshes_of_the_robot/share/urdf_and_meshes_of_the_robot//meshes/BODY_link.STL
[0.922s] -- Symlinking: /home/mickyas/ros2_ws/install/urdf_and_meshes_of_the_robot/share/urdf_and_meshes_of_the_robot//meshes/IMU_link.STL
[0.930s] -- Symlinking: /home/mickyas/ros2_ws/install/urdf_and_meshes_of_the_robot/share/urdf_and_meshes_of_the_robot//meshes/Left_wheel.STL
[0.939s] -- Symlinking: /home/mickyas/ros2_ws/install/urdf_and_meshes_of_the_robot/share/urdf_and_meshes_of_the_robot//meshes/Lower_left_leg.STL
[0.948s] -- Symlinking: /home/mickyas/ros2_ws/install/urdf_and_meshes_of_the_robot/share/urdf_and_meshes_of_the_robot//meshes/Lower_right_link.STL
[0.957s] -- Symlinking: /home/mickyas/ros2_ws/install/urdf_and_meshes_of_the_robot/share/urdf_and_meshes_of_the_robot//meshes/Right_wheel.STL
[0.966s] -- Symlinking: /home/mickyas/ros2_ws/install/urdf_and_meshes_of_the_robot/share/urdf_and_meshes_of_the_robot//meshes/Upper_left_leg.STL
[0.975s] -- Symlinking: /home/mickyas/ros2_ws/install/urdf_and_meshes_of_the_robot/share/urdf_and_meshes_of_the_robot//meshes/Upper_right_link.STL
[0.985s] -- Symlinking: /home/mickyas/ros2_ws/install/urdf_and_meshes_of_the_robot/share/urdf_and_meshes_of_the_robot//meshes/camera_link.STL
[0.994s] -- Symlinking: /home/mickyas/ros2_ws/install/urdf_and_meshes_of_the_robot/share/urdf_and_meshes_of_the_robot//meshes/lidar_link.STL
[1.003s] -- Symlinking: /home/mickyas/ros2_ws/install/urdf_and_meshes_of_the_robot/share/urdf_and_meshes_of_the_robot//worlds/empty.world
[1.012s] -- Symlinking: /home/mickyas/ros2_ws/install/urdf_and_meshes_of_the_robot/share/ament_index/resource_index/package_run_dependencies/urdf_and_meshes_of_the_robot
[1.022s] -- Symlinking: /home/mickyas/ros2_ws/install/urdf_and_meshes_of_the_robot/share/ament_index/resource_index/parent_prefix_path/urdf_and_meshes_of_the_robot
[1.031s] -- Symlinking: /home/mickyas/ros2_ws/install/urdf_and_meshes_of_the_robot/share/urdf_and_meshes_of_the_robot/environment/ament_prefix_path.sh
[1.041s] -- Symlinking: /home/mickyas/ros2_ws/install/urdf_and_meshes_of_the_robot/share/urdf_and_meshes_of_the_robot/environment/ament_prefix_path.dsv
[1.050s] -- Symlinking: /home/mickyas/ros2_ws/install/urdf_and_meshes_of_the_robot/share/urdf_and_meshes_of_the_robot/environment/path.sh
[1.059s] -- Symlinking: /home/mickyas/ros2_ws/install/urdf_and_meshes_of_the_robot/share/urdf_and_meshes_of_the_robot/environment/path.dsv
[1.068s] -- Symlinking: /home/mickyas/ros2_ws/install/urdf_and_meshes_of_the_robot/share/urdf_and_meshes_of_the_robot/local_setup.bash
[1.077s] -- Symlinking: /home/mickyas/ros2_ws/install/urdf_and_meshes_of_the_robot/share/urdf_and_meshes_of_the_robot/local_setup.sh
[1.086s] -- Symlinking: /home/mickyas/ros2_ws/install/urdf_and_meshes_of_the_robot/share/urdf_and_meshes_of_the_robot/local_setup.zsh
[1.095s] -- Symlinking: /home/mickyas/ros2_ws/install/urdf_and_meshes_of_the_robot/share/urdf_and_meshes_of_the_robot/local_setup.dsv
[1.105s] -- Symlinking: /home/mickyas/ros2_ws/install/urdf_and_meshes_of_the_robot/share/urdf_and_meshes_of_the_robot/package.dsv
[1.115s] -- Symlinking: /home/mickyas/ros2_ws/install/urdf_and_meshes_of_the_robot/share/ament_index/resource_index/packages/urdf_and_meshes_of_the_robot
[1.125s] -- Symlinking: /home/mickyas/ros2_ws/install/urdf_and_meshes_of_the_robot/share/urdf_and_meshes_of_the_robot/cmake/urdf_and_meshes_of_the_robotConfig.cmake
[1.135s] -- Symlinking: /home/mickyas/ros2_ws/install/urdf_and_meshes_of_the_robot/share/urdf_and_meshes_of_the_robot/cmake/urdf_and_meshes_of_the_robotConfig-version.cmake
[1.144s] -- Symlinking: /home/mickyas/ros2_ws/install/urdf_and_meshes_of_the_robot/share/urdf_and_meshes_of_the_robot/package.xml
[1.153s] -- Installing: /home/mickyas/ros2_ws/install/urdf_and_meshes_of_the_robot/lib/urdf_and_meshes_of_the_robot/robot_nodes_control
[1.154s] -- Installing: /home/mickyas/ros2_ws/install/urdf_and_meshes_of_the_robot/lib/urdf_and_meshes_of_the_robot/train_rl_ppo
[1.156s] Invoked command in '/home/mickyas/ros2_ws/build/urdf_and_meshes_of_the_robot' returned '0': CONDA_PROMPT_MODIFIER=(base) /usr/bin/cmake --install /home/mickyas/ros2_ws/build/urdf_and_meshes_of_the_robot
