[0.011s] Invoking command in '/home/mickyas/ros2_ws/build/urdf_and_meshes_of_the_robot': CONDA_PROMPT_MODIFIER=(base) /usr/bin/cmake /home/mickyas/ros2_ws/src/urdf_and_meshes_of_the_robot -DCMAKE_INSTALL_PREFIX=/home/mickyas/ros2_ws/install/urdf_and_meshes_of_the_robot
[0.024s] -- Found ament_cmake: 1.3.11 (/opt/ros/humble/share/ament_cmake/cmake)
[0.161s] -- Override CMake install command with custom implementation using symlinks instead of copying resources
[0.264s] -- Configuring done
[0.267s] -- Generating done
[0.268s] -- Build files have been written to: /home/mickyas/ros2_ws/build/urdf_and_meshes_of_the_robot
[0.273s] Invoked command in '/home/mickyas/ros2_ws/build/urdf_and_meshes_of_the_robot' returned '0': CONDA_PROMPT_MODIFIER=(base) /usr/bin/cmake /home/mickyas/ros2_ws/src/urdf_and_meshes_of_the_robot -DCMAKE_INSTALL_PREFIX=/home/mickyas/ros2_ws/install/urdf_and_meshes_of_the_robot
[0.274s] Invoking command in '/home/mickyas/ros2_ws/build/urdf_and_meshes_of_the_robot': CONDA_PROMPT_MODIFIER=(base) /usr/bin/cmake --build /home/mickyas/ros2_ws/build/urdf_and_meshes_of_the_robot -- -j16 -l16
[0.322s] Invoked command in '/home/mickyas/ros2_ws/build/urdf_and_meshes_of_the_robot' returned '0': CONDA_PROMPT_MODIFIER=(base) /usr/bin/cmake --build /home/mickyas/ros2_ws/build/urdf_and_meshes_of_the_robot -- -j16 -l16
[0.336s] Invoking command in '/home/mickyas/ros2_ws/build/urdf_and_meshes_of_the_robot': CONDA_PROMPT_MODIFIER=(base) /usr/bin/cmake --install /home/mickyas/ros2_ws/build/urdf_and_meshes_of_the_robot
[0.346s] -- Install configuration: ""
[0.347s] -- Execute custom install script
[0.347s] -- Up-to-date symlink: /home/mickyas/ros2_ws/install/urdf_and_meshes_of_the_robot/share/urdf_and_meshes_of_the_robot/config/joint_names_URDF_AND_MESHES_OF_THE_ROBOT.yaml
[0.348s] -- Up-to-date symlink: /home/mickyas/ros2_ws/install/urdf_and_meshes_of_the_robot/share/urdf_and_meshes_of_the_robot/launch/display.launch
[0.348s] -- Up-to-date symlink: /home/mickyas/ros2_ws/install/urdf_and_meshes_of_the_robot/share/urdf_and_meshes_of_the_robot/launch/display.launch.py
[0.348s] -- Up-to-date symlink: /home/mickyas/ros2_ws/install/urdf_and_meshes_of_the_robot/share/urdf_and_meshes_of_the_robot/launch/gazebo.launch
[0.348s] -- Up-to-date symlink: /home/mickyas/ros2_ws/install/urdf_and_meshes_of_the_robot/share/urdf_and_meshes_of_the_robot/meshes/BODY_link.STL
[0.349s] -- Up-to-date symlink: /home/mickyas/ros2_ws/install/urdf_and_meshes_of_the_robot/share/urdf_and_meshes_of_the_robot/meshes/Left_wheel.STL
[0.349s] -- Up-to-date symlink: /home/mickyas/ros2_ws/install/urdf_and_meshes_of_the_robot/share/urdf_and_meshes_of_the_robot/meshes/Lower_left_leg.STL
[0.349s] -- Up-to-date symlink: /home/mickyas/ros2_ws/install/urdf_and_meshes_of_the_robot/share/urdf_and_meshes_of_the_robot/meshes/Lower_right_link.STL
[0.349s] -- Up-to-date symlink: /home/mickyas/ros2_ws/install/urdf_and_meshes_of_the_robot/share/urdf_and_meshes_of_the_robot/meshes/Right_wheel.STL
[0.350s] -- Up-to-date symlink: /home/mickyas/ros2_ws/install/urdf_and_meshes_of_the_robot/share/urdf_and_meshes_of_the_robot/meshes/Upper_left_leg.STL
[0.350s] -- Up-to-date symlink: /home/mickyas/ros2_ws/install/urdf_and_meshes_of_the_robot/share/urdf_and_meshes_of_the_robot/meshes/Upper_right_link.STL
[0.350s] -- Up-to-date symlink: /home/mickyas/ros2_ws/install/urdf_and_meshes_of_the_robot/share/urdf_and_meshes_of_the_robot/urdf/urdf_and_meshes_of_the_robot.csv
[0.350s] -- Up-to-date symlink: /home/mickyas/ros2_ws/install/urdf_and_meshes_of_the_robot/share/urdf_and_meshes_of_the_robot/urdf/urdf_and_meshes_of_the_robot.urdf
[0.350s] -- Up-to-date symlink: /home/mickyas/ros2_ws/install/urdf_and_meshes_of_the_robot/share/ament_index/resource_index/package_run_dependencies/urdf_and_meshes_of_the_robot
[0.350s] -- Up-to-date symlink: /home/mickyas/ros2_ws/install/urdf_and_meshes_of_the_robot/share/ament_index/resource_index/parent_prefix_path/urdf_and_meshes_of_the_robot
[0.350s] -- Up-to-date symlink: /home/mickyas/ros2_ws/install/urdf_and_meshes_of_the_robot/share/urdf_and_meshes_of_the_robot/environment/ament_prefix_path.sh
[0.350s] -- Up-to-date symlink: /home/mickyas/ros2_ws/install/urdf_and_meshes_of_the_robot/share/urdf_and_meshes_of_the_robot/environment/ament_prefix_path.dsv
[0.351s] -- Up-to-date symlink: /home/mickyas/ros2_ws/install/urdf_and_meshes_of_the_robot/share/urdf_and_meshes_of_the_robot/environment/path.sh
[0.351s] -- Up-to-date symlink: /home/mickyas/ros2_ws/install/urdf_and_meshes_of_the_robot/share/urdf_and_meshes_of_the_robot/environment/path.dsv
[0.351s] -- Up-to-date symlink: /home/mickyas/ros2_ws/install/urdf_and_meshes_of_the_robot/share/urdf_and_meshes_of_the_robot/local_setup.bash
[0.351s] -- Up-to-date symlink: /home/mickyas/ros2_ws/install/urdf_and_meshes_of_the_robot/share/urdf_and_meshes_of_the_robot/local_setup.sh
[0.351s] -- Up-to-date symlink: /home/mickyas/ros2_ws/install/urdf_and_meshes_of_the_robot/share/urdf_and_meshes_of_the_robot/local_setup.zsh
[0.351s] -- Up-to-date symlink: /home/mickyas/ros2_ws/install/urdf_and_meshes_of_the_robot/share/urdf_and_meshes_of_the_robot/local_setup.dsv
[0.351s] -- Symlinking: /home/mickyas/ros2_ws/install/urdf_and_meshes_of_the_robot/share/urdf_and_meshes_of_the_robot/package.dsv
[0.358s] -- Up-to-date symlink: /home/mickyas/ros2_ws/install/urdf_and_meshes_of_the_robot/share/ament_index/resource_index/packages/urdf_and_meshes_of_the_robot
[0.358s] -- Up-to-date symlink: /home/mickyas/ros2_ws/install/urdf_and_meshes_of_the_robot/share/urdf_and_meshes_of_the_robot/cmake/urdf_and_meshes_of_the_robotConfig.cmake
[0.359s] -- Up-to-date symlink: /home/mickyas/ros2_ws/install/urdf_and_meshes_of_the_robot/share/urdf_and_meshes_of_the_robot/cmake/urdf_and_meshes_of_the_robotConfig-version.cmake
[0.359s] -- Up-to-date symlink: /home/mickyas/ros2_ws/install/urdf_and_meshes_of_the_robot/share/urdf_and_meshes_of_the_robot/package.xml
[0.361s] Invoked command in '/home/mickyas/ros2_ws/build/urdf_and_meshes_of_the_robot' returned '0': CONDA_PROMPT_MODIFIER=(base) /usr/bin/cmake --install /home/mickyas/ros2_ws/build/urdf_and_meshes_of_the_robot
